# JRE version: OpenJDK Runtime Environment Temurin-21.0.11+10 (21.0.11+10) (build 21.0.11+10-LTS)
# Java VM: OpenJDK 64-Bit Server VM Temurin-21.0.11+10 (21.0.11+10-LTS, mixed mode, sharing, tiered, compressed oops, compressed class ptrs, parallel gc, windows-amd64)
GC Precious Log:
 CardTable entry size: 512
 CPUs: 6 total, 6 available
 Memory: 7564M
 Large Page Support: Disabled
 NUMA Support: Disabled
 Compressed Oops: Enabled (32-bit)
 Alignments: Space 512K, Generation 512K, Heap 2M
 Heap Min Capacity: 100M
 Heap Initial Capacity: 100M
 Heap Max Capacity: 2G
 Pre-touch: Disabled
 Parallel Workers: 6
Heap:
 PSYoungGen      total 5120K, used 5103K [0x00000000d5580000, 0x00000000d5f00000, 0x0000000100000000)
  eden space 4096K, 100% used [0x00000000d5580000,0x00000000d5980000,0x00000000d5980000)
  from space 1024K, 98% used [0x00000000d5c00000,0x00000000d5cfbc60,0x00000000d5d00000)
  to   space 2560K, 40% used [0x00000000d5980000,0x00000000d5a82f38,0x00000000d5c00000)
 ParOldGen       total 275456K, used 275448K [0x0000000080000000, 0x0000000090d00000, 0x00000000d5580000)
  object space 275456K, 99% used [0x0000000080000000,0x0000000090cfe100,0x0000000090d00000)
 Metaspace       used 54046K, committed 55296K, reserved 1114112K
  class space    used 5836K, committed 6400K, reserved 1048576K
GC Heap History (20 events):
Event: 38.366 GC heap after
{Heap after GC invocations=277 (full 2):
 PSYoungGen      total 6144K, used 1084K [0x00000000d5580000, 0x00000000d5d00000, 0x0000000100000000)
  eden space 4608K, 0% used [0x00000000d5580000,0x00000000d5580000,0x00000000d5a00000)
  from space 1536K, 70% used [0x00000000d5a00000,0x00000000d5b0f398,0x00000000d5b80000)
  to   space 1536K, 0% used [0x00000000d5b80000,0x00000000d5b80000,0x00000000d5d00000)
 ParOldGen       total 266240K, used 265905K [0x0000000080000000, 0x0000000090400000, 0x00000000d5580000)
  object space 266240K, 99% used [0x0000000080000000,0x00000000903ac508,0x0000000090400000)
 Metaspace       used 54046K, committed 55296K, reserved 1114112K
  class space    used 5836K, committed 6400K, reserved 1048576K
}
Event: 38.384 GC heap before
{Heap before GC invocations=278 (full 2):
 PSYoungGen      total 6144K, used 5692K [0x00000000d5580000, 0x00000000d5d00000, 0x0000000100000000)
  eden space 4608K, 100% used [0x00000000d5580000,0x00000000d5a00000,0x00000000d5a00000)
  from space 1536K, 70% used [0x00000000d5a00000,0x00000000d5b0f398,0x00000000d5b80000)
  to   space 1536K, 0% used [0x00000000d5b80000,0x00000000d5b80000,0x00000000d5d00000)
 ParOldGen       total 266240K, used 265905K [0x0000000080000000, 0x0000000090400000, 0x00000000d5580000)
  object space 266240K, 99% used [0x0000000080000000,0x00000000903ac508,0x0000000090400000)
 Metaspace       used 54046K, committed 55296K, reserved 1114112K
  class space    used 5836K, committed 6400K, reserved 1048576K
}
Event: 38.387 GC heap after
{Heap after GC invocations=278 (full 2):
 PSYoungGen      total 6144K, used 1053K [0x00000000d5580000, 0x00000000d5d00000, 0x0000000100000000)
  eden space 4608K, 0% used [0x00000000d5580000,0x00000000d5580000,0x00000000d5a00000)
  from space 1536K, 68% used [0x00000000d5b80000,0x00000000d5c87610,0x00000000d5d00000)
  to   space 1536K, 0% used [0x00000000d5a00000,0x00000000d5a00000,0x00000000d5b80000)
 ParOldGen       total 267264K, used 266844K [0x0000000080000000, 0x0000000090500000, 0x00000000d5580000)
  object space 267264K, 99% used [0x0000000080000000,0x0000000090497360,0x0000000090500000)
 Metaspace       used 54046K, committed 55296K, reserved 1114112K
  class space    used 5836K, committed 6400K, reserved 1048576K
}
Event: 38.402 GC heap before
{Heap before GC invocations=279 (full 2):
 PSYoungGen      total 6144K, used 5661K [0x00000000d5580000, 0x00000000d5d00000, 0x0000000100000000)
  eden space 4608K, 100% used [0x00000000d5580000,0x00000000d5a00000,0x00000000d5a00000)
  from space 1536K, 68% used [0x00000000d5b80000,0x00000000d5c87610,0x00000000d5d00000)
  to   space 1536K, 0% used [0x00000000d5a00000,0x00000000d5a00000,0x00000000d5b80000)
 ParOldGen       total 267264K, used 266844K [0x0000000080000000, 0x0000000090500000, 0x00000000d5580000)
  object space 267264K, 99% used [0x0000000080000000,0x0000000090497360,0x0000000090500000)
 Metaspace       used 54046K, committed 55296K, reserved 1114112K
  class space    used 5836K, committed 6400K, reserved 1048576K
}
Event: 38.404 GC heap after
{Heap after GC invocations=279 (full 2):
 PSYoungGen      total 5632K, used 979K [0x00000000d5580000, 0x00000000d5c00000, 0x0000000100000000)
  eden space 4608K, 0% used [0x00000000d5580000,0x00000000d5580000,0x00000000d5a00000)
  from space 1024K, 95% used [0x00000000d5a00000,0x00000000d5af4ca8,0x00000000d5b00000)
  to   space 1024K, 0% used [0x00000000d5b00000,0x00000000d5b00000,0x00000000d5c00000)
 ParOldGen       total 268288K, used 267818K [0x0000000080000000, 0x0000000090600000, 0x00000000d5580000)
  object space 268288K, 99% used [0x0000000080000000,0x000000009058aa88,0x0000000090600000)
 Metaspace       used 54046K, committed 55296K, reserved 1114112K
  class space    used 5836K, committed 6400K, reserved 1048576K
}
Event: 38.419 GC heap before
{Heap before GC invocations=280 (full 2):
 PSYoungGen      total 5632K, used 5587K [0x00000000d5580000, 0x00000000d5c00000, 0x0000000100000000)
  eden space 4608K, 100% used [0x00000000d5580000,0x00000000d5a00000,0x00000000d5a00000)
  from space 1024K, 95% used [0x00000000d5a00000,0x00000000d5af4ca8,0x00000000d5b00000)
  to   space 1024K, 0% used [0x00000000d5b00000,0x00000000d5b00000,0x00000000d5c00000)
 ParOldGen       total 268288K, used 267818K [0x0000000080000000, 0x0000000090600000, 0x00000000d5580000)
  object space 268288K, 99% used [0x0000000080000000,0x000000009058aa88,0x0000000090600000)
 Metaspace       used 54046K, committed 55296K, reserved 1114112K
  class space    used 5836K, committed 6400K, reserved 1048576K
}
Event: 38.421 GC heap after
{Heap after GC invocations=280 (full 2):
 PSYoungGen      total 5632K, used 936K [0x00000000d5580000, 0x00000000d5c00000, 0x0000000100000000)
  eden space 4608K, 0% used [0x00000000d5580000,0x00000000d5580000,0x00000000d5a00000)
  from space 1024K, 91% used [0x00000000d5b00000,0x00000000d5bea238,0x00000000d5c00000)
  to   space 1024K, 0% used [0x00000000d5a00000,0x00000000d5a00000,0x00000000d5b00000)
 ParOldGen       total 268800K, used 268745K [0x0000000080000000, 0x0000000090680000, 0x00000000d5580000)
  object space 268800K, 99% used [0x0000000080000000,0x0000000090672750,0x0000000090680000)
 Metaspace       used 54046K, committed 55296K, reserved 1114112K
  class space    used 5836K, committed 6400K, reserved 1048576K
}
Event: 38.436 GC heap before
{Heap before GC invocations=281 (full 2):
 PSYoungGen      total 5632K, used 5544K [0x00000000d5580000, 0x00000000d5c00000, 0x0000000100000000)
  eden space 4608K, 100% used [0x00000000d5580000,0x00000000d5a00000,0x00000000d5a00000)
  from space 1024K, 91% used [0x00000000d5b00000,0x00000000d5bea238,0x00000000d5c00000)
  to   space 1024K, 0% used [0x00000000d5a00000,0x00000000d5a00000,0x00000000d5b00000)
 ParOldGen       total 268800K, used 268745K [0x0000000080000000, 0x0000000090680000, 0x00000000d5580000)
  object space 268800K, 99% used [0x0000000080000000,0x0000000090672750,0x0000000090680000)
 Metaspace       used 54046K, committed 55296K, reserved 1114112K
  class space    used 5836K, committed 6400K, reserved 1048576K
}
Event: 38.438 GC heap after
{Heap after GC invocations=281 (full 2):
 PSYoungGen      total 5632K, used 1011K [0x00000000d5580000, 0x00000000d5d00000, 0x0000000100000000)
  eden space 4608K, 0% used [0x00000000d5580000,0x00000000d5580000,0x00000000d5a00000)
  from space 1024K, 98% used [0x00000000d5a00000,0x00000000d5afce48,0x00000000d5b00000)
  to   space 1536K, 0% used [0x00000000d5b80000,0x00000000d5b80000,0x00000000d5d00000)
 ParOldGen       total 269824K, used 269641K [0x0000000080000000, 0x0000000090780000, 0x00000000d5580000)
  object space 269824K, 99% used [0x0000000080000000,0x0000000090752428,0x0000000090780000)
 Metaspace       used 54046K, committed 55296K, reserved 1114112K
  class space    used 5836K, committed 6400K, reserved 1048576K
}
Event: 38.453 GC heap before
{Heap before GC invocations=282 (full 2):
 PSYoungGen      total 5632K, used 5618K [0x00000000d5580000, 0x00000000d5d00000, 0x0000000100000000)
  eden space 4608K, 99% used [0x00000000d5580000,0x00000000d59ffa30,0x00000000d5a00000)
  from space 1024K, 98% used [0x00000000d5a00000,0x00000000d5afce48,0x00000000d5b00000)
  to   space 1536K, 0% used [0x00000000d5b80000,0x00000000d5b80000,0x00000000d5d00000)
 ParOldGen       total 269824K, used 269641K [0x0000000080000000, 0x0000000090780000, 0x00000000d5580000)
  object space 269824K, 99% used [0x0000000080000000,0x0000000090752428,0x0000000090780000)
 Metaspace       used 54046K, committed 55296K, reserved 1114112K
  class space    used 5836K, committed 6400K, reserved 1048576K
}
Event: 38.455 GC heap after
{Heap after GC invocations=282 (full 2):
 PSYoungGen      total 5632K, used 999K [0x00000000d5580000, 0x00000000d5c80000, 0x0000000100000000)
  eden space 4608K, 0% used [0x00000000d5580000,0x00000000d5580000,0x00000000d5a00000)
  from space 1024K, 97% used [0x00000000d5b80000,0x00000000d5c79ef0,0x00000000d5c80000)
  to   space 1024K, 0% used [0x00000000d5a00000,0x00000000d5a00000,0x00000000d5b00000)
 ParOldGen       total 270848K, used 270578K [0x0000000080000000, 0x0000000090880000, 0x00000000d5580000)
  object space 270848K, 99% used [0x0000000080000000,0x000000009083c9a8,0x0000000090880000)
 Metaspace       used 54046K, committed 55296K, reserved 1114112K
  class space    used 5836K, committed 6400K, reserved 1048576K
}
Event: 38.468 GC heap before
{Heap before GC invocations=283 (full 2):
 PSYoungGen      total 5632K, used 5607K [0x00000000d5580000, 0x00000000d5c80000, 0x0000000100000000)
  eden space 4608K, 100% used [0x00000000d5580000,0x00000000d5a00000,0x00000000d5a00000)
  from space 1024K, 97% used [0x00000000d5b80000,0x00000000d5c79ef0,0x00000000d5c80000)
  to   space 1024K, 0% used [0x00000000d5a00000,0x00000000d5a00000,0x00000000d5b00000)
 ParOldGen       total 270848K, used 270578K [0x0000000080000000, 0x0000000090880000, 0x00000000d5580000)
  object space 270848K, 99% used [0x0000000080000000,0x000000009083c9a8,0x0000000090880000)
 Metaspace       used 54046K, committed 55296K, reserved 1114112K
  class space    used 5836K, committed 6400K, reserved 1048576K
}
Event: 38.471 GC heap after
{Heap after GC invocations=283 (full 2):
 PSYoungGen      total 5632K, used 1011K [0x00000000d5580000, 0x00000000d5f00000, 0x0000000100000000)
  eden space 4608K, 0% used [0x00000000d5580000,0x00000000d5580000,0x00000000d5a00000)
  from space 1024K, 98% used [0x00000000d5a00000,0x00000000d5afcfc8,0x00000000d5b00000)
  to   space 2560K, 0% used [0x00000000d5c80000,0x00000000d5c80000,0x00000000d5f00000)
 ParOldGen       total 271872K, used 271555K [0x0000000080000000, 0x0000000090980000, 0x00000000d5580000)
  object space 271872K, 99% used [0x0000000080000000,0x0000000090930f68,0x0000000090980000)
 Metaspace       used 54046K, committed 55296K, reserved 1114112K
  class space    used 5836K, committed 6400K, reserved 1048576K
}
Event: 38.488 GC heap before
{Heap before GC invocations=284 (full 2):
 PSYoungGen      total 5632K, used 5619K [0x00000000d5580000, 0x00000000d5f00000, 0x0000000100000000)
  eden space 4608K, 100% used [0x00000000d5580000,0x00000000d5a00000,0x00000000d5a00000)
  from space 1024K, 98% used [0x00000000d5a00000,0x00000000d5afcfc8,0x00000000d5b00000)
  to   space 2560K, 0% used [0x00000000d5c80000,0x00000000d5c80000,0x00000000d5f00000)
 ParOldGen       total 271872K, used 271555K [0x0000000080000000, 0x0000000090980000, 0x00000000d5580000)
  object space 271872K, 99% used [0x0000000080000000,0x0000000090930f68,0x0000000090980000)
 Metaspace       used 54046K, committed 55296K, reserved 1114112K
  class space    used 5836K, committed 6400K, reserved 1048576K
}
Event: 38.490 GC heap after
{Heap after GC invocations=284 (full 2):
 PSYoungGen      total 5632K, used 948K [0x00000000d5580000, 0x00000000d5d80000, 0x0000000100000000)
  eden space 4608K, 0% used [0x00000000d5580000,0x00000000d5580000,0x00000000d5a00000)
  from space 1024K, 92% used [0x00000000d5c80000,0x00000000d5d6d108,0x00000000d5d80000)
  to   space 1536K, 0% used [0x00000000d5a80000,0x00000000d5a80000,0x00000000d5c00000)
 ParOldGen       total 272896K, used 272454K [0x0000000080000000, 0x0000000090a80000, 0x00000000d5580000)
  object space 272896K, 99% used [0x0000000080000000,0x0000000090a11a60,0x0000000090a80000)
 Metaspace       used 54046K, committed 55296K, reserved 1114112K
  class space    used 5836K, committed 6400K, reserved 1048576K
}
Event: 38.511 GC heap before
{Heap before GC invocations=285 (full 2):
 PSYoungGen      total 5632K, used 5556K [0x00000000d5580000, 0x00000000d5d80000, 0x0000000100000000)
  eden space 4608K, 99% used [0x00000000d5580000,0x00000000d59fffe8,0x00000000d5a00000)
  from space 1024K, 92% used [0x00000000d5c80000,0x00000000d5d6d108,0x00000000d5d80000)
  to   space 1536K, 0% used [0x00000000d5a80000,0x00000000d5a80000,0x00000000d5c00000)
 ParOldGen       total 272896K, used 272454K [0x0000000080000000, 0x0000000090a80000, 0x00000000d5580000)
  object space 272896K, 99% used [0x0000000080000000,0x0000000090a11a60,0x0000000090a80000)
 Metaspace       used 54046K, committed 55296K, reserved 1114112K
  class space    used 5836K, committed 6400K, reserved 1048576K
}
Event: 38.514 GC heap after
{Heap after GC invocations=285 (full 2):
 PSYoungGen      total 6144K, used 1094K [0x00000000d5580000, 0x00000000d5d00000, 0x0000000100000000)
  eden space 4608K, 0% used [0x00000000d5580000,0x00000000d5580000,0x00000000d5a00000)
  from space 1536K, 71% used [0x00000000d5a80000,0x00000000d5b91b18,0x00000000d5c00000)
  to   space 1024K, 0% used [0x00000000d5c00000,0x00000000d5c00000,0x00000000d5d00000)
 ParOldGen       total 273408K, used 273334K [0x0000000080000000, 0x0000000090b00000, 0x00000000d5580000)
  object space 273408K, 99% used [0x0000000080000000,0x0000000090aed860,0x0000000090b00000)
 Metaspace       used 54046K, committed 55296K, reserved 1114112K
  class space    used 5836K, committed 6400K, reserved 1048576K
}
Event: 38.539 GC heap before
{Heap before GC invocations=286 (full 2):
 PSYoungGen      total 6144K, used 5702K [0x00000000d5580000, 0x00000000d5d00000, 0x0000000100000000)
  eden space 4608K, 100% used [0x00000000d5580000,0x00000000d5a00000,0x00000000d5a00000)
  from space 1536K, 71% used [0x00000000d5a80000,0x00000000d5b91b18,0x00000000d5c00000)
  to   space 1024K, 0% used [0x00000000d5c00000,0x00000000d5c00000,0x00000000d5d00000)
 ParOldGen       total 273408K, used 273334K [0x0000000080000000, 0x0000000090b00000, 0x00000000d5580000)
  object space 273408K, 99% used [0x0000000080000000,0x0000000090aed860,0x0000000090b00000)
 Metaspace       used 54046K, committed 55296K, reserved 1114112K
  class space    used 5836K, committed 6400K, reserved 1048576K
}
Event: 38.542 GC heap after
{Heap after GC invocations=286 (full 2):
 PSYoungGen      total 5120K, used 1007K [0x00000000d5580000, 0x00000000d5f00000, 0x0000000100000000)
  eden space 4096K, 0% used [0x00000000d5580000,0x00000000d5580000,0x00000000d5980000)
  from space 1024K, 98% used [0x00000000d5c00000,0x00000000d5cfbc60,0x00000000d5d00000)
  to   space 2560K, 0% used [0x00000000d5980000,0x00000000d5980000,0x00000000d5c00000)
 ParOldGen       total 274944K, used 274521K [0x0000000080000000, 0x0000000090c80000, 0x00000000d5580000)
  object space 274944K, 99% used [0x0000000080000000,0x0000000090c165a0,0x0000000090c80000)
 Metaspace       used 54046K, committed 55296K, reserved 1114112K
  class space    used 5836K, committed 6400K, reserved 1048576K
}
Event: 38.563 GC heap before
{Heap before GC invocations=287 (full 2):
 PSYoungGen      total 5120K, used 5103K [0x00000000d5580000, 0x00000000d5f00000, 0x0000000100000000)
  eden space 4096K, 100% used [0x00000000d5580000,0x00000000d5980000,0x00000000d5980000)
  from space 1024K, 98% used [0x00000000d5c00000,0x00000000d5cfbc60,0x00000000d5d00000)
  to   space 2560K, 0% used [0x00000000d5980000,0x00000000d5980000,0x00000000d5c00000)
 ParOldGen       total 274944K, used 274521K [0x0000000080000000, 0x0000000090c80000, 0x00000000d5580000)
  object space 274944K, 99% used [0x0000000080000000,0x0000000090c165a0,0x0000000090c80000)
 Metaspace       used 54046K, committed 55296K, reserved 1114112K
  class space    used 5836K, committed 6400K, reserved 1048576K
}

